FAILED 6 6 ?&&&TILEROW=6&TILECOL=6&
FAILED 10 10 ?&&&TILEROW=10&TILECOL=10&
FAILED 7 7 ?&&&TILEROW=7&TILECOL=7&
FAILED 9 9 ?&&&TILEROW=9&TILECOL=9&
FAILED 0 0 ?&&&TILEROW=0&TILECOL=0&
FAILED 2 2 ?&&&TILEROW=2&TILECOL=2&
FAILED 4 4 ?&&&TILEROW=4&TILECOL=4&
FAILED 8 8 ?&&&TILEROW=8&TILECOL=8&
FAILED 1 1 ?&&&TILEROW=1&TILECOL=1&
FAILED 13 13 ?&&&TILEROW=13&TILECOL=13&
FAILED 3 3 ?&&&TILEROW=3&TILECOL=3&
FAILED 12 12 ?&&&TILEROW=12&TILECOL=12&
FAILED 11 11 ?&&&TILEROW=11&TILECOL=11&
FAILED 5 5 ?&&&TILEROW=5&TILECOL=5&
FAILED 22 22 ?&&&TILEROW=22&TILECOL=22&
FAILED 17 17 ?&&&TILEROW=17&TILECOL=17&
FAILED 16 16 ?&&&TILEROW=16&TILECOL=16&
FAILED 15 15 ?&&&TILEROW=15&TILECOL=15&
FAILED 25 25 ?&&&TILEROW=25&TILECOL=25&
FAILED 14 14 ?&&&TILEROW=14&TILECOL=14&
FAILED 24 24 ?&&&TILEROW=24&TILECOL=24&
FAILED 20 20 ?&&&TILEROW=20&TILECOL=20&
FAILED 21 21 ?&&&TILEROW=21&TILECOL=21&
FAILED 18 18 ?&&&TILEROW=18&TILECOL=18&
FAILED 19 19 ?&&&TILEROW=19&TILECOL=19&
FAILED 26 26 ?&&&TILEROW=26&TILECOL=26&
FAILED 23 23 ?&&&TILEROW=23&TILECOL=23&
FAILED 35 35 ?&&&TILEROW=35&TILECOL=35&
FAILED 30 30 ?&&&TILEROW=30&TILECOL=30&
FAILED 36 36 ?&&&TILEROW=36&TILECOL=36&
FAILED 29 29 ?&&&TILEROW=29&TILECOL=29&
FAILED 33 33 ?&&&TILEROW=33&TILECOL=33&
FAILED 27 27 ?&&&TILEROW=27&TILECOL=27&
FAILED 31 31 ?&&&TILEROW=31&TILECOL=31&
FAILED 39 39 ?&&&TILEROW=39&TILECOL=39&
FAILED 37 37 ?&&&TILEROW=37&TILECOL=37&
FAILED 28 28 ?&&&TILEROW=28&TILECOL=28&
FAILED 32 32 ?&&&TILEROW=32&TILECOL=32&
FAILED 34 34 ?&&&TILEROW=34&TILECOL=34&
FAILED 38 38 ?&&&TILEROW=38&TILECOL=38&
FAILED 41 41 ?&&&TILEROW=41&TILECOL=41&
FAILED 45 45 ?&&&TILEROW=45&TILECOL=45&
FAILED 43 43 ?&&&TILEROW=43&TILECOL=43&
FAILED 42 42 ?&&&TILEROW=42&TILECOL=42&
FAILED 40 40 ?&&&TILEROW=40&TILECOL=40&
FAILED 46 46 ?&&&TILEROW=46&TILECOL=46&
FAILED 51 51 ?&&&TILEROW=51&TILECOL=51&
FAILED 44 44 ?&&&TILEROW=44&TILECOL=44&
FAILED 47 47 ?&&&TILEROW=47&TILECOL=47&
FAILED 50 50 ?&&&TILEROW=50&TILECOL=50&
FAILED 48 48 ?&&&TILEROW=48&TILECOL=48&
FAILED 56 56 ?&&&TILEROW=56&TILECOL=56&
FAILED 54 54 ?&&&TILEROW=54&TILECOL=54&
FAILED 52 52 ?&&&TILEROW=52&TILECOL=52&
FAILED 49 49 ?&&&TILEROW=49&TILECOL=49&
FAILED 53 53 ?&&&TILEROW=53&TILECOL=53&
FAILED 55 55 ?&&&TILEROW=55&TILECOL=55&
FAILED 58 58 ?&&&TILEROW=58&TILECOL=58&
FAILED 63 63 ?&&&TILEROW=63&TILECOL=63&
FAILED 57 57 ?&&&TILEROW=57&TILECOL=57&
FAILED 59 59 ?&&&TILEROW=59&TILECOL=59&
FAILED 60 60 ?&&&TILEROW=60&TILECOL=60&
FAILED 62 62 ?&&&TILEROW=62&TILECOL=62&
FAILED 61 61 ?&&&TILEROW=61&TILECOL=61&
FAILED 64 64 ?&&&TILEROW=64&TILECOL=64&
FAILED 65 65 ?&&&TILEROW=65&TILECOL=65&
FAILED 73 73 ?&&&TILEROW=73&TILECOL=73&
FAILED 66 66 ?&&&TILEROW=66&TILECOL=66&
FAILED 69 69 ?&&&TILEROW=69&TILECOL=69&
FAILED 78 78 ?&&&TILEROW=78&TILECOL=78&
FAILED 70 70 ?&&&TILEROW=70&TILECOL=70&
FAILED 68 68 ?&&&TILEROW=68&TILECOL=68&
FAILED 72 72 ?&&&TILEROW=72&TILECOL=72&
FAILED 77 77 ?&&&TILEROW=77&TILECOL=77&
FAILED 79 79 ?&&&TILEROW=79&TILECOL=79&
FAILED 76 76 ?&&&TILEROW=76&TILECOL=76&
FAILED 71 71 ?&&&TILEROW=71&TILECOL=71&
FAILED 74 74 ?&&&TILEROW=74&TILECOL=74&
FAILED 67 67 ?&&&TILEROW=67&TILECOL=67&
FAILED 75 75 ?&&&TILEROW=75&TILECOL=75&
FAILED 0 80 ?&&&TILEROW=0&TILECOL=80&
FAILED 1 81 ?&&&TILEROW=1&TILECOL=81&
FAILED 2 82 ?&&&TILEROW=2&TILECOL=82&
FAILED 4 84 ?&&&TILEROW=4&TILECOL=84&
FAILED 5 85 ?&&&TILEROW=5&TILECOL=85&
FAILED 3 83 ?&&&TILEROW=3&TILECOL=83&
FAILED 8 88 ?&&&TILEROW=8&TILECOL=88&
FAILED 7 87 ?&&&TILEROW=7&TILECOL=87&
FAILED 6 86 ?&&&TILEROW=6&TILECOL=86&
FAILED 10 90 ?&&&TILEROW=10&TILECOL=90&
FAILED 9 89 ?&&&TILEROW=9&TILECOL=89&
FAILED 11 91 ?&&&TILEROW=11&TILECOL=91&
FAILED 14 94 ?&&&TILEROW=14&TILECOL=94&
FAILED 15 95 ?&&&TILEROW=15&TILECOL=95&
FAILED 12 92 ?&&&TILEROW=12&TILECOL=92&
FAILED 16 96 ?&&&TILEROW=16&TILECOL=96&
FAILED 17 97 ?&&&TILEROW=17&TILECOL=97&
FAILED 13 93 ?&&&TILEROW=13&TILECOL=93&
FAILED 18 98 ?&&&TILEROW=18&TILECOL=98&
FAILED 22 102 ?&&&TILEROW=22&TILECOL=102&
FAILED 19 99 ?&&&TILEROW=19&TILECOL=99&
FAILED 23 103 ?&&&TILEROW=23&TILECOL=103&
FAILED 24 104 ?&&&TILEROW=24&TILECOL=104&
FAILED 25 105 ?&&&TILEROW=25&TILECOL=105&
FAILED 20 100 ?&&&TILEROW=20&TILECOL=100&
FAILED 28 108 ?&&&TILEROW=28&TILECOL=108&
FAILED 21 101 ?&&&TILEROW=21&TILECOL=101&
FAILED 27 107 ?&&&TILEROW=27&TILECOL=107&
FAILED 26 106 ?&&&TILEROW=26&TILECOL=106&
FAILED 29 109 ?&&&TILEROW=29&TILECOL=109&
FAILED 33 113 ?&&&TILEROW=33&TILECOL=113&
FAILED 34 114 ?&&&TILEROW=34&TILECOL=114&
FAILED 30 110 ?&&&TILEROW=30&TILECOL=110&
FAILED 37 117 ?&&&TILEROW=37&TILECOL=117&
FAILED 36 116 ?&&&TILEROW=36&TILECOL=116&
FAILED 38 118 ?&&&TILEROW=38&TILECOL=118&
FAILED 35 115 ?&&&TILEROW=35&TILECOL=115&
FAILED 32 112 ?&&&TILEROW=32&TILECOL=112&
FAILED 39 119 ?&&&TILEROW=39&TILECOL=119&
FAILED 31 111 ?&&&TILEROW=31&TILECOL=111&
FAILED 40 120 ?&&&TILEROW=40&TILECOL=120&
FAILED 43 123 ?&&&TILEROW=43&TILECOL=123&
FAILED 41 121 ?&&&TILEROW=41&TILECOL=121&
FAILED 45 125 ?&&&TILEROW=45&TILECOL=125&
FAILED 44 124 ?&&&TILEROW=44&TILECOL=124&
FAILED 42 122 ?&&&TILEROW=42&TILECOL=122&
FAILED 46 126 ?&&&TILEROW=46&TILECOL=126&
FAILED 47 127 ?&&&TILEROW=47&TILECOL=127&
FAILED 48 128 ?&&&TILEROW=48&TILECOL=128&
FAILED 50 130 ?&&&TILEROW=50&TILECOL=130&
FAILED 49 129 ?&&&TILEROW=49&TILECOL=129&
FAILED 52 132 ?&&&TILEROW=52&TILECOL=132&
FAILED 51 131 ?&&&TILEROW=51&TILECOL=131&
FAILED 53 133 ?&&&TILEROW=53&TILECOL=133&
FAILED 56 136 ?&&&TILEROW=56&TILECOL=136&
FAILED 54 134 ?&&&TILEROW=54&TILECOL=134&
FAILED 55 135 ?&&&TILEROW=55&TILECOL=135&
FAILED 58 138 ?&&&TILEROW=58&TILECOL=138&
FAILED 61 141 ?&&&TILEROW=61&TILECOL=141&
FAILED 65 145 ?&&&TILEROW=65&TILECOL=145&
FAILED 60 140 ?&&&TILEROW=60&TILECOL=140&
FAILED 57 137 ?&&&TILEROW=57&TILECOL=137&
FAILED 59 139 ?&&&TILEROW=59&TILECOL=139&
FAILED 62 142 ?&&&TILEROW=62&TILECOL=142&
FAILED 67 147 ?&&&TILEROW=67&TILECOL=147&
FAILED 64 144 ?&&&TILEROW=64&TILECOL=144&
FAILED 69 149 ?&&&TILEROW=69&TILECOL=149&
FAILED 63 143 ?&&&TILEROW=63&TILECOL=143&
FAILED 66 146 ?&&&TILEROW=66&TILECOL=146&
FAILED 68 148 ?&&&TILEROW=68&TILECOL=148&
FAILED 71 151 ?&&&TILEROW=71&TILECOL=151&
FAILED 70 150 ?&&&TILEROW=70&TILECOL=150&
FAILED 72 152 ?&&&TILEROW=72&TILECOL=152&
FAILED 74 154 ?&&&TILEROW=74&TILECOL=154&
FAILED 73 153 ?&&&TILEROW=73&TILECOL=153&
FAILED 79 159 ?&&&TILEROW=79&TILECOL=159&
FAILED 78 158 ?&&&TILEROW=78&TILECOL=158&
FAILED 77 157 ?&&&TILEROW=77&TILECOL=157&
FAILED 76 156 ?&&&TILEROW=76&TILECOL=156&
FAILED 75 155 ?&&&TILEROW=75&TILECOL=155&
FAILED 24 24 https://map1a.vis.earthdata.nasa.gov/wmts-geo/wmts.cgi?SERVICE=WMTS&REQUEST=GetTile&VERSION=1.0.0&LAYER=BlueMarble_ShadedRelief_Bathymetry&STYLE=&TILEMATRIXSET=EPSG4326_500m&TILEMATRIX=5&TILEROW=24&TILECOL=24&FORMAT=image%2Fjpeg
FAILED 20 20 https://map1a.vis.earthdata.nasa.gov/wmts-geo/wmts.cgi?SERVICE=WMTS&REQUEST=GetTile&VERSION=1.0.0&LAYER=BlueMarble_ShadedRelief_Bathymetry&STYLE=&TILEMATRIXSET=EPSG4326_500m&TILEMATRIX=5&TILEROW=20&TILECOL=20&FORMAT=image%2Fjpeg
FAILED 21 21 https://map1a.vis.earthdata.nasa.gov/wmts-geo/wmts.cgi?SERVICE=WMTS&REQUEST=GetTile&VERSION=1.0.0&LAYER=BlueMarble_ShadedRelief_Bathymetry&STYLE=&TILEMATRIXSET=EPSG4326_500m&TILEMATRIX=5&TILEROW=21&TILECOL=21&FORMAT=image%2Fjpeg
FAILED 26 26 https://map1a.vis.earthdata.nasa.gov/wmts-geo/wmts.cgi?SERVICE=WMTS&REQUEST=GetTile&VERSION=1.0.0&LAYER=BlueMarble_ShadedRelief_Bathymetry&STYLE=&TILEMATRIXSET=EPSG4326_500m&TILEMATRIX=5&TILEROW=26&TILECOL=26&FORMAT=image%2Fjpeg
FAILED 22 22 https://map1a.vis.earthdata.nasa.gov/wmts-geo/wmts.cgi?SERVICE=WMTS&REQUEST=GetTile&VERSION=1.0.0&LAYER=BlueMarble_ShadedRelief_Bathymetry&STYLE=&TILEMATRIXSET=EPSG4326_500m&TILEMATRIX=5&TILEROW=22&TILECOL=22&FORMAT=image%2Fjpeg
FAILED 28 28 https://map1a.vis.earthdata.nasa.gov/wmts-geo/wmts.cgi?SERVICE=WMTS&REQUEST=GetTile&VERSION=1.0.0&LAYER=BlueMarble_ShadedRelief_Bathymetry&STYLE=&TILEMATRIXSET=EPSG4326_500m&TILEMATRIX=5&TILEROW=28&TILECOL=28&FORMAT=image%2Fjpeg
FAILED 29 29 https://map1a.vis.earthdata.nasa.gov/wmts-geo/wmts.cgi?SERVICE=WMTS&REQUEST=GetTile&VERSION=1.0.0&LAYER=BlueMarble_ShadedRelief_Bathymetry&STYLE=&TILEMATRIXSET=EPSG4326_500m&TILEMATRIX=5&TILEROW=29&TILECOL=29&FORMAT=image%2Fjpeg
FAILED 23 23 https://map1a.vis.earthdata.nasa.gov/wmts-geo/wmts.cgi?SERVICE=WMTS&REQUEST=GetTile&VERSION=1.0.0&LAYER=BlueMarble_ShadedRelief_Bathymetry&STYLE=&TILEMATRIXSET=EPSG4326_500m&TILEMATRIX=5&TILEROW=23&TILECOL=23&FORMAT=image%2Fjpeg
FAILED 37 37 https://map1a.vis.earthdata.nasa.gov/wmts-geo/wmts.cgi?SERVICE=WMTS&REQUEST=GetTile&VERSION=1.0.0&LAYER=BlueMarble_ShadedRelief_Bathymetry&STYLE=&TILEMATRIXSET=EPSG4326_500m&TILEMATRIX=5&TILEROW=37&TILECOL=37&FORMAT=image%2Fjpeg
FAILED 32 32 https://map1a.vis.earthdata.nasa.gov/wmts-geo/wmts.cgi?SERVICE=WMTS&REQUEST=GetTile&VERSION=1.0.0&LAYER=BlueMarble_ShadedRelief_Bathymetry&STYLE=&TILEMATRIXSET=EPSG4326_500m&TILEMATRIX=5&TILEROW=32&TILECOL=32&FORMAT=image%2Fjpeg
FAILED 34 34 https://map1a.vis.earthdata.nasa.gov/wmts-geo/wmts.cgi?SERVICE=WMTS&REQUEST=GetTile&VERSION=1.0.0&LAYER=BlueMarble_ShadedRelief_Bathymetry&STYLE=&TILEMATRIXSET=EPSG4326_500m&TILEMATRIX=5&TILEROW=34&TILECOL=34&FORMAT=image%2Fjpeg
FAILED 30 30 https://map1a.vis.earthdata.nasa.gov/wmts-geo/wmts.cgi?SERVICE=WMTS&REQUEST=GetTile&VERSION=1.0.0&LAYER=BlueMarble_ShadedRelief_Bathymetry&STYLE=&TILEMATRIXSET=EPSG4326_500m&TILEMATRIX=5&TILEROW=30&TILECOL=30&FORMAT=image%2Fjpeg
FAILED 36 36 https://map1a.vis.earthdata.nasa.gov/wmts-geo/wmts.cgi?SERVICE=WMTS&REQUEST=GetTile&VERSION=1.0.0&LAYER=BlueMarble_ShadedRelief_Bathymetry&STYLE=&TILEMATRIXSET=EPSG4326_500m&TILEMATRIX=5&TILEROW=36&TILECOL=36&FORMAT=image%2Fjpeg
FAILED 27 27 https://map1a.vis.earthdata.nasa.gov/wmts-geo/wmts.cgi?SERVICE=WMTS&REQUEST=GetTile&VERSION=1.0.0&LAYER=BlueMarble_ShadedRelief_Bathymetry&STYLE=&TILEMATRIXSET=EPSG4326_500m&TILEMATRIX=5&TILEROW=27&TILECOL=27&FORMAT=image%2Fjpeg
FAILED 33 33 https://map1a.vis.earthdata.nasa.gov/wmts-geo/wmts.cgi?SERVICE=WMTS&REQUEST=GetTile&VERSION=1.0.0&LAYER=BlueMarble_ShadedRelief_Bathymetry&STYLE=&TILEMATRIXSET=EPSG4326_500m&TILEMATRIX=5&TILEROW=33&TILECOL=33&FORMAT=image%2Fjpeg
FAILED 25 25 https://map1a.vis.earthdata.nasa.gov/wmts-geo/wmts.cgi?SERVICE=WMTS&REQUEST=GetTile&VERSION=1.0.0&LAYER=BlueMarble_ShadedRelief_Bathymetry&STYLE=&TILEMATRIXSET=EPSG4326_500m&TILEMATRIX=5&TILEROW=25&TILECOL=25&FORMAT=image%2Fjpeg
FAILED 31 31 https://map1a.vis.earthdata.nasa.gov/wmts-geo/wmts.cgi?SERVICE=WMTS&REQUEST=GetTile&VERSION=1.0.0&LAYER=BlueMarble_ShadedRelief_Bathymetry&STYLE=&TILEMATRIXSET=EPSG4326_500m&TILEMATRIX=5&TILEROW=31&TILECOL=31&FORMAT=image%2Fjpeg
FAILED 39 39 https://map1a.vis.earthdata.nasa.gov/wmts-geo/wmts.cgi?SERVICE=WMTS&REQUEST=GetTile&VERSION=1.0.0&LAYER=BlueMarble_ShadedRelief_Bathymetry&STYLE=&TILEMATRIXSET=EPSG4326_500m&TILEMATRIX=5&TILEROW=39&TILECOL=39&FORMAT=image%2Fjpeg
FAILED 38 38 https://map1a.vis.earthdata.nasa.gov/wmts-geo/wmts.cgi?SERVICE=WMTS&REQUEST=GetTile&VERSION=1.0.0&LAYER=BlueMarble_ShadedRelief_Bathymetry&STYLE=&TILEMATRIXSET=EPSG4326_500m&TILEMATRIX=5&TILEROW=38&TILECOL=38&FORMAT=image%2Fjpeg
FAILED 35 35 https://map1a.vis.earthdata.nasa.gov/wmts-geo/wmts.cgi?SERVICE=WMTS&REQUEST=GetTile&VERSION=1.0.0&LAYER=BlueMarble_ShadedRelief_Bathymetry&STYLE=&TILEMATRIXSET=EPSG4326_500m&TILEMATRIX=5&TILEROW=35&TILECOL=35&FORMAT=image%2Fjpeg
FAILED 41 41 https://map1a.vis.earthdata.nasa.gov/wmts-geo/wmts.cgi?SERVICE=WMTS&REQUEST=GetTile&VERSION=1.0.0&LAYER=BlueMarble_ShadedRelief_Bathymetry&STYLE=&TILEMATRIXSET=EPSG4326_500m&TILEMATRIX=5&TILEROW=41&TILECOL=41&FORMAT=image%2Fjpeg
FAILED 40 40 https://map1a.vis.earthdata.nasa.gov/wmts-geo/wmts.cgi?SERVICE=WMTS&REQUEST=GetTile&VERSION=1.0.0&LAYER=BlueMarble_ShadedRelief_Bathymetry&STYLE=&TILEMATRIXSET=EPSG4326_500m&TILEMATRIX=5&TILEROW=40&TILECOL=40&FORMAT=image%2Fjpeg
FAILED 42 42 https://map1a.vis.earthdata.nasa.gov/wmts-geo/wmts.cgi?SERVICE=WMTS&REQUEST=GetTile&VERSION=1.0.0&LAYER=BlueMarble_ShadedRelief_Bathymetry&STYLE=&TILEMATRIXSET=EPSG4326_500m&TILEMATRIX=5&TILEROW=42&TILECOL=42&FORMAT=image%2Fjpeg
FAILED 43 43 https://map1a.vis.earthdata.nasa.gov/wmts-geo/wmts.cgi?SERVICE=WMTS&REQUEST=GetTile&VERSION=1.0.0&LAYER=BlueMarble_ShadedRelief_Bathymetry&STYLE=&TILEMATRIXSET=EPSG4326_500m&TILEMATRIX=5&TILEROW=43&TILECOL=43&FORMAT=image%2Fjpeg
FAILED 46 46 https://map1a.vis.earthdata.nasa.gov/wmts-geo/wmts.cgi?SERVICE=WMTS&REQUEST=GetTile&VERSION=1.0.0&LAYER=BlueMarble_ShadedRelief_Bathymetry&STYLE=&TILEMATRIXSET=EPSG4326_500m&TILEMATRIX=5&TILEROW=46&TILECOL=46&FORMAT=image%2Fjpeg
FAILED 44 44 https://map1a.vis.earthdata.nasa.gov/wmts-geo/wmts.cgi?SERVICE=WMTS&REQUEST=GetTile&VERSION=1.0.0&LAYER=BlueMarble_ShadedRelief_Bathymetry&STYLE=&TILEMATRIXSET=EPSG4326_500m&TILEMATRIX=5&TILEROW=44&TILECOL=44&FORMAT=image%2Fjpeg
FAILED 48 48 https://map1a.vis.earthdata.nasa.gov/wmts-geo/wmts.cgi?SERVICE=WMTS&REQUEST=GetTile&VERSION=1.0.0&LAYER=BlueMarble_ShadedRelief_Bathymetry&STYLE=&TILEMATRIXSET=EPSG4326_500m&TILEMATRIX=5&TILEROW=48&TILECOL=48&FORMAT=image%2Fjpeg
FAILED 47 47 https://map1a.vis.earthdata.nasa.gov/wmts-geo/wmts.cgi?SERVICE=WMTS&REQUEST=GetTile&VERSION=1.0.0&LAYER=BlueMarble_ShadedRelief_Bathymetry&STYLE=&TILEMATRIXSET=EPSG4326_500m&TILEMATRIX=5&TILEROW=47&TILECOL=47&FORMAT=image%2Fjpeg
FAILED 49 49 https://map1a.vis.earthdata.nasa.gov/wmts-geo/wmts.cgi?SERVICE=WMTS&REQUEST=GetTile&VERSION=1.0.0&LAYER=BlueMarble_ShadedRelief_Bathymetry&STYLE=&TILEMATRIXSET=EPSG4326_500m&TILEMATRIX=5&TILEROW=49&TILECOL=49&FORMAT=image%2Fjpeg
FAILED 55 55 https://map1a.vis.earthdata.nasa.gov/wmts-geo/wmts.cgi?SERVICE=WMTS&REQUEST=GetTile&VERSION=1.0.0&LAYER=BlueMarble_ShadedRelief_Bathymetry&STYLE=&TILEMATRIXSET=EPSG4326_500m&TILEMATRIX=5&TILEROW=55&TILECOL=55&FORMAT=image%2Fjpeg
FAILED 52 52 https://map1a.vis.earthdata.nasa.gov/wmts-geo/wmts.cgi?SERVICE=WMTS&REQUEST=GetTile&VERSION=1.0.0&LAYER=BlueMarble_ShadedRelief_Bathymetry&STYLE=&TILEMATRIXSET=EPSG4326_500m&TILEMATRIX=5&TILEROW=52&TILECOL=52&FORMAT=image%2Fjpeg
FAILED 45 45 https://map1a.vis.earthdata.nasa.gov/wmts-geo/wmts.cgi?SERVICE=WMTS&REQUEST=GetTile&VERSION=1.0.0&LAYER=BlueMarble_ShadedRelief_Bathymetry&STYLE=&TILEMATRIXSET=EPSG4326_500m&TILEMATRIX=5&TILEROW=45&TILECOL=45&FORMAT=image%2Fjpeg
FAILED 51 51 https://map1a.vis.earthdata.nasa.gov/wmts-geo/wmts.cgi?SERVICE=WMTS&REQUEST=GetTile&VERSION=1.0.0&LAYER=BlueMarble_ShadedRelief_Bathymetry&STYLE=&TILEMATRIXSET=EPSG4326_500m&TILEMATRIX=5&TILEROW=51&TILECOL=51&FORMAT=image%2Fjpeg
FAILED 54 54 https://map1a.vis.earthdata.nasa.gov/wmts-geo/wmts.cgi?SERVICE=WMTS&REQUEST=GetTile&VERSION=1.0.0&LAYER=BlueMarble_ShadedRelief_Bathymetry&STYLE=&TILEMATRIXSET=EPSG4326_500m&TILEMATRIX=5&TILEROW=54&TILECOL=54&FORMAT=image%2Fjpeg
FAILED 50 50 https://map1a.vis.earthdata.nasa.gov/wmts-geo/wmts.cgi?SERVICE=WMTS&REQUEST=GetTile&VERSION=1.0.0&LAYER=BlueMarble_ShadedRelief_Bathymetry&STYLE=&TILEMATRIXSET=EPSG4326_500m&TILEMATRIX=5&TILEROW=50&TILECOL=50&FORMAT=image%2Fjpeg
FAILED 59 59 https://map1a.vis.earthdata.nasa.gov/wmts-geo/wmts.cgi?SERVICE=WMTS&REQUEST=GetTile&VERSION=1.0.0&LAYER=BlueMarble_ShadedRelief_Bathymetry&STYLE=&TILEMATRIXSET=EPSG4326_500m&TILEMATRIX=5&TILEROW=59&TILECOL=59&FORMAT=image%2Fjpeg
FAILED 56 56 https://map1a.vis.earthdata.nasa.gov/wmts-geo/wmts.cgi?SERVICE=WMTS&REQUEST=GetTile&VERSION=1.0.0&LAYER=BlueMarble_ShadedRelief_Bathymetry&STYLE=&TILEMATRIXSET=EPSG4326_500m&TILEMATRIX=5&TILEROW=56&TILECOL=56&FORMAT=image%2Fjpeg
FAILED 53 53 https://map1a.vis.earthdata.nasa.gov/wmts-geo/wmts.cgi?SERVICE=WMTS&REQUEST=GetTile&VERSION=1.0.0&LAYER=BlueMarble_ShadedRelief_Bathymetry&STYLE=&TILEMATRIXSET=EPSG4326_500m&TILEMATRIX=5&TILEROW=53&TILECOL=53&FORMAT=image%2Fjpeg
FAILED 57 57 https://map1a.vis.earthdata.nasa.gov/wmts-geo/wmts.cgi?SERVICE=WMTS&REQUEST=GetTile&VERSION=1.0.0&LAYER=BlueMarble_ShadedRelief_Bathymetry&STYLE=&TILEMATRIXSET=EPSG4326_500m&TILEMATRIX=5&TILEROW=57&TILECOL=57&FORMAT=image%2Fjpeg
FAILED 58 58 https://map1a.vis.earthdata.nasa.gov/wmts-geo/wmts.cgi?SERVICE=WMTS&REQUEST=GetTile&VERSION=1.0.0&LAYER=BlueMarble_ShadedRelief_Bathymetry&STYLE=&TILEMATRIXSET=EPSG4326_500m&TILEMATRIX=5&TILEROW=58&TILECOL=58&FORMAT=image%2Fjpeg
FAILED 61 61 https://map1a.vis.earthdata.nasa.gov/wmts-geo/wmts.cgi?SERVICE=WMTS&REQUEST=GetTile&VERSION=1.0.0&LAYER=BlueMarble_ShadedRelief_Bathymetry&STYLE=&TILEMATRIXSET=EPSG4326_500m&TILEMATRIX=5&TILEROW=61&TILECOL=61&FORMAT=image%2Fjpeg
FAILED 63 63 https://map1a.vis.earthdata.nasa.gov/wmts-geo/wmts.cgi?SERVICE=WMTS&REQUEST=GetTile&VERSION=1.0.0&LAYER=BlueMarble_ShadedRelief_Bathymetry&STYLE=&TILEMATRIXSET=EPSG4326_500m&TILEMATRIX=5&TILEROW=63&TILECOL=63&FORMAT=image%2Fjpeg
FAILED 64 64 https://map1a.vis.earthdata.nasa.gov/wmts-geo/wmts.cgi?SERVICE=WMTS&REQUEST=GetTile&VERSION=1.0.0&LAYER=BlueMarble_ShadedRelief_Bathymetry&STYLE=&TILEMATRIXSET=EPSG4326_500m&TILEMATRIX=5&TILEROW=64&TILECOL=64&FORMAT=image%2Fjpeg
FAILED 60 60 https://map1a.vis.earthdata.nasa.gov/wmts-geo/wmts.cgi?SERVICE=WMTS&REQUEST=GetTile&VERSION=1.0.0&LAYER=BlueMarble_ShadedRelief_Bathymetry&STYLE=&TILEMATRIXSET=EPSG4326_500m&TILEMATRIX=5&TILEROW=60&TILECOL=60&FORMAT=image%2Fjpeg
FAILED 68 68 https://map1a.vis.earthdata.nasa.gov/wmts-geo/wmts.cgi?SERVICE=WMTS&REQUEST=GetTile&VERSION=1.0.0&LAYER=BlueMarble_ShadedRelief_Bathymetry&STYLE=&TILEMATRIXSET=EPSG4326_500m&TILEMATRIX=5&TILEROW=68&TILECOL=68&FORMAT=image%2Fjpeg
FAILED 66 66 https://map1a.vis.earthdata.nasa.gov/wmts-geo/wmts.cgi?SERVICE=WMTS&REQUEST=GetTile&VERSION=1.0.0&LAYER=BlueMarble_ShadedRelief_Bathymetry&STYLE=&TILEMATRIXSET=EPSG4326_500m&TILEMATRIX=5&TILEROW=66&TILECOL=66&FORMAT=image%2Fjpeg
FAILED 65 65 https://map1a.vis.earthdata.nasa.gov/wmts-geo/wmts.cgi?SERVICE=WMTS&REQUEST=GetTile&VERSION=1.0.0&LAYER=BlueMarble_ShadedRelief_Bathymetry&STYLE=&TILEMATRIXSET=EPSG4326_500m&TILEMATRIX=5&TILEROW=65&TILECOL=65&FORMAT=image%2Fjpeg
FAILED 62 62 https://map1a.vis.earthdata.nasa.gov/wmts-geo/wmts.cgi?SERVICE=WMTS&REQUEST=GetTile&VERSION=1.0.0&LAYER=BlueMarble_ShadedRelief_Bathymetry&STYLE=&TILEMATRIXSET=EPSG4326_500m&TILEMATRIX=5&TILEROW=62&TILECOL=62&FORMAT=image%2Fjpeg
FAILED 67 67 https://map1a.vis.earthdata.nasa.gov/wmts-geo/wmts.cgi?SERVICE=WMTS&REQUEST=GetTile&VERSION=1.0.0&LAYER=BlueMarble_ShadedRelief_Bathymetry&STYLE=&TILEMATRIXSET=EPSG4326_500m&TILEMATRIX=5&TILEROW=67&TILECOL=67&FORMAT=image%2Fjpeg
FAILED 69 69 https://map1a.vis.earthdata.nasa.gov/wmts-geo/wmts.cgi?SERVICE=WMTS&REQUEST=GetTile&VERSION=1.0.0&LAYER=BlueMarble_ShadedRelief_Bathymetry&STYLE=&TILEMATRIXSET=EPSG4326_500m&TILEMATRIX=5&TILEROW=69&TILECOL=69&FORMAT=image%2Fjpeg
FAILED 70 70 https://map1a.vis.earthdata.nasa.gov/wmts-geo/wmts.cgi?SERVICE=WMTS&REQUEST=GetTile&VERSION=1.0.0&LAYER=BlueMarble_ShadedRelief_Bathymetry&STYLE=&TILEMATRIXSET=EPSG4326_500m&TILEMATRIX=5&TILEROW=70&TILECOL=70&FORMAT=image%2Fjpeg
FAILED 71 71 https://map1a.vis.earthdata.nasa.gov/wmts-geo/wmts.cgi?SERVICE=WMTS&REQUEST=GetTile&VERSION=1.0.0&LAYER=BlueMarble_ShadedRelief_Bathymetry&STYLE=&TILEMATRIXSET=EPSG4326_500m&TILEMATRIX=5&TILEROW=71&TILECOL=71&FORMAT=image%2Fjpeg
FAILED 76 76 https://map1a.vis.earthdata.nasa.gov/wmts-geo/wmts.cgi?SERVICE=WMTS&REQUEST=GetTile&VERSION=1.0.0&LAYER=BlueMarble_ShadedRelief_Bathymetry&STYLE=&TILEMATRIXSET=EPSG4326_500m&TILEMATRIX=5&TILEROW=76&TILECOL=76&FORMAT=image%2Fjpeg
FAILED 75 75 https://map1a.vis.earthdata.nasa.gov/wmts-geo/wmts.cgi?SERVICE=WMTS&REQUEST=GetTile&VERSION=1.0.0&LAYER=BlueMarble_ShadedRelief_Bathymetry&STYLE=&TILEMATRIXSET=EPSG4326_500m&TILEMATRIX=5&TILEROW=75&TILECOL=75&FORMAT=image%2Fjpeg
FAILED 74 74 https://map1a.vis.earthdata.nasa.gov/wmts-geo/wmts.cgi?SERVICE=WMTS&REQUEST=GetTile&VERSION=1.0.0&LAYER=BlueMarble_ShadedRelief_Bathymetry&STYLE=&TILEMATRIXSET=EPSG4326_500m&TILEMATRIX=5&TILEROW=74&TILECOL=74&FORMAT=image%2Fjpeg
FAILED 72 72 https://map1a.vis.earthdata.nasa.gov/wmts-geo/wmts.cgi?SERVICE=WMTS&REQUEST=GetTile&VERSION=1.0.0&LAYER=BlueMarble_ShadedRelief_Bathymetry&STYLE=&TILEMATRIXSET=EPSG4326_500m&TILEMATRIX=5&TILEROW=72&TILECOL=72&FORMAT=image%2Fjpeg
FAILED 78 78 https://map1a.vis.earthdata.nasa.gov/wmts-geo/wmts.cgi?SERVICE=WMTS&REQUEST=GetTile&VERSION=1.0.0&LAYER=BlueMarble_ShadedRelief_Bathymetry&STYLE=&TILEMATRIXSET=EPSG4326_500m&TILEMATRIX=5&TILEROW=78&TILECOL=78&FORMAT=image%2Fjpeg
FAILED 77 77 https://map1a.vis.earthdata.nasa.gov/wmts-geo/wmts.cgi?SERVICE=WMTS&REQUEST=GetTile&VERSION=1.0.0&LAYER=BlueMarble_ShadedRelief_Bathymetry&STYLE=&TILEMATRIXSET=EPSG4326_500m&TILEMATRIX=5&TILEROW=77&TILECOL=77&FORMAT=image%2Fjpeg
FAILED 73 73 https://map1a.vis.earthdata.nasa.gov/wmts-geo/wmts.cgi?SERVICE=WMTS&REQUEST=GetTile&VERSION=1.0.0&LAYER=BlueMarble_ShadedRelief_Bathymetry&STYLE=&TILEMATRIXSET=EPSG4326_500m&TILEMATRIX=5&TILEROW=73&TILECOL=73&FORMAT=image%2Fjpeg
FAILED 79 79 https://map1a.vis.earthdata.nasa.gov/wmts-geo/wmts.cgi?SERVICE=WMTS&REQUEST=GetTile&VERSION=1.0.0&LAYER=BlueMarble_ShadedRelief_Bathymetry&STYLE=&TILEMATRIXSET=EPSG4326_500m&TILEMATRIX=5&TILEROW=79&TILECOL=79&FORMAT=image%2Fjpeg
FAILED 0 80 https://map1a.vis.earthdata.nasa.gov/wmts-geo/wmts.cgi?SERVICE=WMTS&REQUEST=GetTile&VERSION=1.0.0&LAYER=BlueMarble_ShadedRelief_Bathymetry&STYLE=&TILEMATRIXSET=EPSG4326_500m&TILEMATRIX=5&TILEROW=0&TILECOL=80&FORMAT=image%2Fjpeg
FAILED 1 81 https://map1a.vis.earthdata.nasa.gov/wmts-geo/wmts.cgi?SERVICE=WMTS&REQUEST=GetTile&VERSION=1.0.0&LAYER=BlueMarble_ShadedRelief_Bathymetry&STYLE=&TILEMATRIXSET=EPSG4326_500m&TILEMATRIX=5&TILEROW=1&TILECOL=81&FORMAT=image%2Fjpeg
FAILED 3 83 https://map1a.vis.earthdata.nasa.gov/wmts-geo/wmts.cgi?SERVICE=WMTS&REQUEST=GetTile&VERSION=1.0.0&LAYER=BlueMarble_ShadedRelief_Bathymetry&STYLE=&TILEMATRIXSET=EPSG4326_500m&TILEMATRIX=5&TILEROW=3&TILECOL=83&FORMAT=image%2Fjpeg
FAILED 5 85 https://map1a.vis.earthdata.nasa.gov/wmts-geo/wmts.cgi?SERVICE=WMTS&REQUEST=GetTile&VERSION=1.0.0&LAYER=BlueMarble_ShadedRelief_Bathymetry&STYLE=&TILEMATRIXSET=EPSG4326_500m&TILEMATRIX=5&TILEROW=5&TILECOL=85&FORMAT=image%2Fjpeg
FAILED 4 84 https://map1a.vis.earthdata.nasa.gov/wmts-geo/wmts.cgi?SERVICE=WMTS&REQUEST=GetTile&VERSION=1.0.0&LAYER=BlueMarble_ShadedRelief_Bathymetry&STYLE=&TILEMATRIXSET=EPSG4326_500m&TILEMATRIX=5&TILEROW=4&TILECOL=84&FORMAT=image%2Fjpeg
FAILED 2 82 https://map1a.vis.earthdata.nasa.gov/wmts-geo/wmts.cgi?SERVICE=WMTS&REQUEST=GetTile&VERSION=1.0.0&LAYER=BlueMarble_ShadedRelief_Bathymetry&STYLE=&TILEMATRIXSET=EPSG4326_500m&TILEMATRIX=5&TILEROW=2&TILECOL=82&FORMAT=image%2Fjpeg
FAILED 7 87 https://map1a.vis.earthdata.nasa.gov/wmts-geo/wmts.cgi?SERVICE=WMTS&REQUEST=GetTile&VERSION=1.0.0&LAYER=BlueMarble_ShadedRelief_Bathymetry&STYLE=&TILEMATRIXSET=EPSG4326_500m&TILEMATRIX=5&TILEROW=7&TILECOL=87&FORMAT=image%2Fjpeg
FAILED 6 86 https://map1a.vis.earthdata.nasa.gov/wmts-geo/wmts.cgi?SERVICE=WMTS&REQUEST=GetTile&VERSION=1.0.0&LAYER=BlueMarble_ShadedRelief_Bathymetry&STYLE=&TILEMATRIXSET=EPSG4326_500m&TILEMATRIX=5&TILEROW=6&TILECOL=86&FORMAT=image%2Fjpeg
FAILED 8 88 https://map1a.vis.earthdata.nasa.gov/wmts-geo/wmts.cgi?SERVICE=WMTS&REQUEST=GetTile&VERSION=1.0.0&LAYER=BlueMarble_ShadedRelief_Bathymetry&STYLE=&TILEMATRIXSET=EPSG4326_500m&TILEMATRIX=5&TILEROW=8&TILECOL=88&FORMAT=image%2Fjpeg
FAILED 9 89 https://map1a.vis.earthdata.nasa.gov/wmts-geo/wmts.cgi?SERVICE=WMTS&REQUEST=GetTile&VERSION=1.0.0&LAYER=BlueMarble_ShadedRelief_Bathymetry&STYLE=&TILEMATRIXSET=EPSG4326_500m&TILEMATRIX=5&TILEROW=9&TILECOL=89&FORMAT=image%2Fjpeg
FAILED 11 91 https://map1a.vis.earthdata.nasa.gov/wmts-geo/wmts.cgi?SERVICE=WMTS&REQUEST=GetTile&VERSION=1.0.0&LAYER=BlueMarble_ShadedRelief_Bathymetry&STYLE=&TILEMATRIXSET=EPSG4326_500m&TILEMATRIX=5&TILEROW=11&TILECOL=91&FORMAT=image%2Fjpeg
FAILED 14 94 https://map1a.vis.earthdata.nasa.gov/wmts-geo/wmts.cgi?SERVICE=WMTS&REQUEST=GetTile&VERSION=1.0.0&LAYER=BlueMarble_ShadedRelief_Bathymetry&STYLE=&TILEMATRIXSET=EPSG4326_500m&TILEMATRIX=5&TILEROW=14&TILECOL=94&FORMAT=image%2Fjpeg
FAILED 10 90 https://map1a.vis.earthdata.nasa.gov/wmts-geo/wmts.cgi?SERVICE=WMTS&REQUEST=GetTile&VERSION=1.0.0&LAYER=BlueMarble_ShadedRelief_Bathymetry&STYLE=&TILEMATRIXSET=EPSG4326_500m&TILEMATRIX=5&TILEROW=10&TILECOL=90&FORMAT=image%2Fjpeg
FAILED 12 92 https://map1a.vis.earthdata.nasa.gov/wmts-geo/wmts.cgi?SERVICE=WMTS&REQUEST=GetTile&VERSION=1.0.0&LAYER=BlueMarble_ShadedRelief_Bathymetry&STYLE=&TILEMATRIXSET=EPSG4326_500m&TILEMATRIX=5&TILEROW=12&TILECOL=92&FORMAT=image%2Fjpeg
FAILED 15 95 https://map1a.vis.earthdata.nasa.gov/wmts-geo/wmts.cgi?SERVICE=WMTS&REQUEST=GetTile&VERSION=1.0.0&LAYER=BlueMarble_ShadedRelief_Bathymetry&STYLE=&TILEMATRIXSET=EPSG4326_500m&TILEMATRIX=5&TILEROW=15&TILECOL=95&FORMAT=image%2Fjpeg
FAILED 16 96 https://map1a.vis.earthdata.nasa.gov/wmts-geo/wmts.cgi?SERVICE=WMTS&REQUEST=GetTile&VERSION=1.0.0&LAYER=BlueMarble_ShadedRelief_Bathymetry&STYLE=&TILEMATRIXSET=EPSG4326_500m&TILEMATRIX=5&TILEROW=16&TILECOL=96&FORMAT=image%2Fjpeg
FAILED 13 93 https://map1a.vis.earthdata.nasa.gov/wmts-geo/wmts.cgi?SERVICE=WMTS&REQUEST=GetTile&VERSION=1.0.0&LAYER=BlueMarble_ShadedRelief_Bathymetry&STYLE=&TILEMATRIXSET=EPSG4326_500m&TILEMATRIX=5&TILEROW=13&TILECOL=93&FORMAT=image%2Fjpeg
FAILED 17 97 https://map1a.vis.earthdata.nasa.gov/wmts-geo/wmts.cgi?SERVICE=WMTS&REQUEST=GetTile&VERSION=1.0.0&LAYER=BlueMarble_ShadedRelief_Bathymetry&STYLE=&TILEMATRIXSET=EPSG4326_500m&TILEMATRIX=5&TILEROW=17&TILECOL=97&FORMAT=image%2Fjpeg
FAILED 19 99 https://map1a.vis.earthdata.nasa.gov/wmts-geo/wmts.cgi?SERVICE=WMTS&REQUEST=GetTile&VERSION=1.0.0&LAYER=BlueMarble_ShadedRelief_Bathymetry&STYLE=&TILEMATRIXSET=EPSG4326_500m&TILEMATRIX=5&TILEROW=19&TILECOL=99&FORMAT=image%2Fjpeg
FAILED 21 101 https://map1a.vis.earthdata.nasa.gov/wmts-geo/wmts.cgi?SERVICE=WMTS&REQUEST=GetTile&VERSION=1.0.0&LAYER=BlueMarble_ShadedRelief_Bathymetry&STYLE=&TILEMATRIXSET=EPSG4326_500m&TILEMATRIX=5&TILEROW=21&TILECOL=101&FORMAT=image%2Fjpeg
FAILED 20 100 https://map1a.vis.earthdata.nasa.gov/wmts-geo/wmts.cgi?SERVICE=WMTS&REQUEST=GetTile&VERSION=1.0.0&LAYER=BlueMarble_ShadedRelief_Bathymetry&STYLE=&TILEMATRIXSET=EPSG4326_500m&TILEMATRIX=5&TILEROW=20&TILECOL=100&FORMAT=image%2Fjpeg
FAILED 26 106 https://map1a.vis.earthdata.nasa.gov/wmts-geo/wmts.cgi?SERVICE=WMTS&REQUEST=GetTile&VERSION=1.0.0&LAYER=BlueMarble_ShadedRelief_Bathymetry&STYLE=&TILEMATRIXSET=EPSG4326_500m&TILEMATRIX=5&TILEROW=26&TILECOL=106&FORMAT=image%2Fjpeg
FAILED 27 107 https://map1a.vis.earthdata.nasa.gov/wmts-geo/wmts.cgi?SERVICE=WMTS&REQUEST=GetTile&VERSION=1.0.0&LAYER=BlueMarble_ShadedRelief_Bathymetry&STYLE=&TILEMATRIXSET=EPSG4326_500m&TILEMATRIX=5&TILEROW=27&TILECOL=107&FORMAT=image%2Fjpeg
FAILED 22 102 https://map1a.vis.earthdata.nasa.gov/wmts-geo/wmts.cgi?SERVICE=WMTS&REQUEST=GetTile&VERSION=1.0.0&LAYER=BlueMarble_ShadedRelief_Bathymetry&STYLE=&TILEMATRIXSET=EPSG4326_500m&TILEMATRIX=5&TILEROW=22&TILECOL=102&FORMAT=image%2Fjpeg
FAILED 31 111 https://map1a.vis.earthdata.nasa.gov/wmts-geo/wmts.cgi?SERVICE=WMTS&REQUEST=GetTile&VERSION=1.0.0&LAYER=BlueMarble_ShadedRelief_Bathymetry&STYLE=&TILEMATRIXSET=EPSG4326_500m&TILEMATRIX=5&TILEROW=31&TILECOL=111&FORMAT=image%2Fjpeg
FAILED 23 103 https://map1a.vis.earthdata.nasa.gov/wmts-geo/wmts.cgi?SERVICE=WMTS&REQUEST=GetTile&VERSION=1.0.0&LAYER=BlueMarble_ShadedRelief_Bathymetry&STYLE=&TILEMATRIXSET=EPSG4326_500m&TILEMATRIX=5&TILEROW=23&TILECOL=103&FORMAT=image%2Fjpeg
FAILED 18 98 https://map1a.vis.earthdata.nasa.gov/wmts-geo/wmts.cgi?SERVICE=WMTS&REQUEST=GetTile&VERSION=1.0.0&LAYER=BlueMarble_ShadedRelief_Bathymetry&STYLE=&TILEMATRIXSET=EPSG4326_500m&TILEMATRIX=5&TILEROW=18&TILECOL=98&FORMAT=image%2Fjpeg
FAILED 24 104 https://map1a.vis.earthdata.nasa.gov/wmts-geo/wmts.cgi?SERVICE=WMTS&REQUEST=GetTile&VERSION=1.0.0&LAYER=BlueMarble_ShadedRelief_Bathymetry&STYLE=&TILEMATRIXSET=EPSG4326_500m&TILEMATRIX=5&TILEROW=24&TILECOL=104&FORMAT=image%2Fjpeg
FAILED 25 105 https://map1a.vis.earthdata.nasa.gov/wmts-geo/wmts.cgi?SERVICE=WMTS&REQUEST=GetTile&VERSION=1.0.0&LAYER=BlueMarble_ShadedRelief_Bathymetry&STYLE=&TILEMATRIXSET=EPSG4326_500m&TILEMATRIX=5&TILEROW=25&TILECOL=105&FORMAT=image%2Fjpeg
FAILED 29 109 https://map1a.vis.earthdata.nasa.gov/wmts-geo/wmts.cgi?SERVICE=WMTS&REQUEST=GetTile&VERSION=1.0.0&LAYER=BlueMarble_ShadedRelief_Bathymetry&STYLE=&TILEMATRIXSET=EPSG4326_500m&TILEMATRIX=5&TILEROW=29&TILECOL=109&FORMAT=image%2Fjpeg
FAILED 28 108 https://map1a.vis.earthdata.nasa.gov/wmts-geo/wmts.cgi?SERVICE=WMTS&REQUEST=GetTile&VERSION=1.0.0&LAYER=BlueMarble_ShadedRelief_Bathymetry&STYLE=&TILEMATRIXSET=EPSG4326_500m&TILEMATRIX=5&TILEROW=28&TILECOL=108&FORMAT=image%2Fjpeg
FAILED 32 112 https://map1a.vis.earthdata.nasa.gov/wmts-geo/wmts.cgi?SERVICE=WMTS&REQUEST=GetTile&VERSION=1.0.0&LAYER=BlueMarble_ShadedRelief_Bathymetry&STYLE=&TILEMATRIXSET=EPSG4326_500m&TILEMATRIX=5&TILEROW=32&TILECOL=112&FORMAT=image%2Fjpeg
FAILED 34 114 https://map1a.vis.earthdata.nasa.gov/wmts-geo/wmts.cgi?SERVICE=WMTS&REQUEST=GetTile&VERSION=1.0.0&LAYER=BlueMarble_ShadedRelief_Bathymetry&STYLE=&TILEMATRIXSET=EPSG4326_500m&TILEMATRIX=5&TILEROW=34&TILECOL=114&FORMAT=image%2Fjpeg
FAILED 37 117 https://map1a.vis.earthdata.nasa.gov/wmts-geo/wmts.cgi?SERVICE=WMTS&REQUEST=GetTile&VERSION=1.0.0&LAYER=BlueMarble_ShadedRelief_Bathymetry&STYLE=&TILEMATRIXSET=EPSG4326_500m&TILEMATRIX=5&TILEROW=37&TILECOL=117&FORMAT=image%2Fjpeg
FAILED 33 113 https://map1a.vis.earthdata.nasa.gov/wmts-geo/wmts.cgi?SERVICE=WMTS&REQUEST=GetTile&VERSION=1.0.0&LAYER=BlueMarble_ShadedRelief_Bathymetry&STYLE=&TILEMATRIXSET=EPSG4326_500m&TILEMATRIX=5&TILEROW=33&TILECOL=113&FORMAT=image%2Fjpeg
FAILED 30 110 https://map1a.vis.earthdata.nasa.gov/wmts-geo/wmts.cgi?SERVICE=WMTS&REQUEST=GetTile&VERSION=1.0.0&LAYER=BlueMarble_ShadedRelief_Bathymetry&STYLE=&TILEMATRIXSET=EPSG4326_500m&TILEMATRIX=5&TILEROW=30&TILECOL=110&FORMAT=image%2Fjpeg
FAILED 39 119 https://map1a.vis.earthdata.nasa.gov/wmts-geo/wmts.cgi?SERVICE=WMTS&REQUEST=GetTile&VERSION=1.0.0&LAYER=BlueMarble_ShadedRelief_Bathymetry&STYLE=&TILEMATRIXSET=EPSG4326_500m&TILEMATRIX=5&TILEROW=39&TILECOL=119&FORMAT=image%2Fjpeg
FAILED 36 116 https://map1a.vis.earthdata.nasa.gov/wmts-geo/wmts.cgi?SERVICE=WMTS&REQUEST=GetTile&VERSION=1.0.0&LAYER=BlueMarble_ShadedRelief_Bathymetry&STYLE=&TILEMATRIXSET=EPSG4326_500m&TILEMATRIX=5&TILEROW=36&TILECOL=116&FORMAT=image%2Fjpeg
FAILED 35 115 https://map1a.vis.earthdata.nasa.gov/wmts-geo/wmts.cgi?SERVICE=WMTS&REQUEST=GetTile&VERSION=1.0.0&LAYER=BlueMarble_ShadedRelief_Bathymetry&STYLE=&TILEMATRIXSET=EPSG4326_500m&TILEMATRIX=5&TILEROW=35&TILECOL=115&FORMAT=image%2Fjpeg
FAILED 38 118 https://map1a.vis.earthdata.nasa.gov/wmts-geo/wmts.cgi?SERVICE=WMTS&REQUEST=GetTile&VERSION=1.0.0&LAYER=BlueMarble_ShadedRelief_Bathymetry&STYLE=&TILEMATRIXSET=EPSG4326_500m&TILEMATRIX=5&TILEROW=38&TILECOL=118&FORMAT=image%2Fjpeg
FAILED 40 120 https://map1a.vis.earthdata.nasa.gov/wmts-geo/wmts.cgi?SERVICE=WMTS&REQUEST=GetTile&VERSION=1.0.0&LAYER=BlueMarble_ShadedRelief_Bathymetry&STYLE=&TILEMATRIXSET=EPSG4326_500m&TILEMATRIX=5&TILEROW=40&TILECOL=120&FORMAT=image%2Fjpeg
FAILED 41 121 https://map1a.vis.earthdata.nasa.gov/wmts-geo/wmts.cgi?SERVICE=WMTS&REQUEST=GetTile&VERSION=1.0.0&LAYER=BlueMarble_ShadedRelief_Bathymetry&STYLE=&TILEMATRIXSET=EPSG4326_500m&TILEMATRIX=5&TILEROW=41&TILECOL=121&FORMAT=image%2Fjpeg
FAILED 42 122 https://map1a.vis.earthdata.nasa.gov/wmts-geo/wmts.cgi?SERVICE=WMTS&REQUEST=GetTile&VERSION=1.0.0&LAYER=BlueMarble_ShadedRelief_Bathymetry&STYLE=&TILEMATRIXSET=EPSG4326_500m&TILEMATRIX=5&TILEROW=42&TILECOL=122&FORMAT=image%2Fjpeg
FAILED 45 125 https://map1a.vis.earthdata.nasa.gov/wmts-geo/wmts.cgi?SERVICE=WMTS&REQUEST=GetTile&VERSION=1.0.0&LAYER=BlueMarble_ShadedRelief_Bathymetry&STYLE=&TILEMATRIXSET=EPSG4326_500m&TILEMATRIX=5&TILEROW=45&TILECOL=125&FORMAT=image%2Fjpeg
FAILED 44 124 https://map1a.vis.earthdata.nasa.gov/wmts-geo/wmts.cgi?SERVICE=WMTS&REQUEST=GetTile&VERSION=1.0.0&LAYER=BlueMarble_ShadedRelief_Bathymetry&STYLE=&TILEMATRIXSET=EPSG4326_500m&TILEMATRIX=5&TILEROW=44&TILECOL=124&FORMAT=image%2Fjpeg
FAILED 43 123 https://map1a.vis.earthdata.nasa.gov/wmts-geo/wmts.cgi?SERVICE=WMTS&REQUEST=GetTile&VERSION=1.0.0&LAYER=BlueMarble_ShadedRelief_Bathymetry&STYLE=&TILEMATRIXSET=EPSG4326_500m&TILEMATRIX=5&TILEROW=43&TILECOL=123&FORMAT=image%2Fjpeg
FAILED 47 127 https://map1a.vis.earthdata.nasa.gov/wmts-geo/wmts.cgi?SERVICE=WMTS&REQUEST=GetTile&VERSION=1.0.0&LAYER=BlueMarble_ShadedRelief_Bathymetry&STYLE=&TILEMATRIXSET=EPSG4326_500m&TILEMATRIX=5&TILEROW=47&TILECOL=127&FORMAT=image%2Fjpeg
FAILED 46 126 https://map1a.vis.earthdata.nasa.gov/wmts-geo/wmts.cgi?SERVICE=WMTS&REQUEST=GetTile&VERSION=1.0.0&LAYER=BlueMarble_ShadedRelief_Bathymetry&STYLE=&TILEMATRIXSET=EPSG4326_500m&TILEMATRIX=5&TILEROW=46&TILECOL=126&FORMAT=image%2Fjpeg
FAILED 49 129 https://map1a.vis.earthdata.nasa.gov/wmts-geo/wmts.cgi?SERVICE=WMTS&REQUEST=GetTile&VERSION=1.0.0&LAYER=BlueMarble_ShadedRelief_Bathymetry&STYLE=&TILEMATRIXSET=EPSG4326_500m&TILEMATRIX=5&TILEROW=49&TILECOL=129&FORMAT=image%2Fjpeg
FAILED 48 128 https://map1a.vis.earthdata.nasa.gov/wmts-geo/wmts.cgi?SERVICE=WMTS&REQUEST=GetTile&VERSION=1.0.0&LAYER=BlueMarble_ShadedRelief_Bathymetry&STYLE=&TILEMATRIXSET=EPSG4326_500m&TILEMATRIX=5&TILEROW=48&TILECOL=128&FORMAT=image%2Fjpeg
FAILED 51 131 https://map1a.vis.earthdata.nasa.gov/wmts-geo/wmts.cgi?SERVICE=WMTS&REQUEST=GetTile&VERSION=1.0.0&LAYER=BlueMarble_ShadedRelief_Bathymetry&STYLE=&TILEMATRIXSET=EPSG4326_500m&TILEMATRIX=5&TILEROW=51&TILECOL=131&FORMAT=image%2Fjpeg
FAILED 50 130 https://map1a.vis.earthdata.nasa.gov/wmts-geo/wmts.cgi?SERVICE=WMTS&REQUEST=GetTile&VERSION=1.0.0&LAYER=BlueMarble_ShadedRelief_Bathymetry&STYLE=&TILEMATRIXSET=EPSG4326_500m&TILEMATRIX=5&TILEROW=50&TILECOL=130&FORMAT=image%2Fjpeg
FAILED 54 134 https://map1a.vis.earthdata.nasa.gov/wmts-geo/wmts.cgi?SERVICE=WMTS&REQUEST=GetTile&VERSION=1.0.0&LAYER=BlueMarble_ShadedRelief_Bathymetry&STYLE=&TILEMATRIXSET=EPSG4326_500m&TILEMATRIX=5&TILEROW=54&TILECOL=134&FORMAT=image%2Fjpeg
FAILED 53 133 https://map1a.vis.earthdata.nasa.gov/wmts-geo/wmts.cgi?SERVICE=WMTS&REQUEST=GetTile&VERSION=1.0.0&LAYER=BlueMarble_ShadedRelief_Bathymetry&STYLE=&TILEMATRIXSET=EPSG4326_500m&TILEMATRIX=5&TILEROW=53&TILECOL=133&FORMAT=image%2Fjpeg
FAILED 55 135 https://map1a.vis.earthdata.nasa.gov/wmts-geo/wmts.cgi?SERVICE=WMTS&REQUEST=GetTile&VERSION=1.0.0&LAYER=BlueMarble_ShadedRelief_Bathymetry&STYLE=&TILEMATRIXSET=EPSG4326_500m&TILEMATRIX=5&TILEROW=55&TILECOL=135&FORMAT=image%2Fjpeg
FAILED 52 132 https://map1a.vis.earthdata.nasa.gov/wmts-geo/wmts.cgi?SERVICE=WMTS&REQUEST=GetTile&VERSION=1.0.0&LAYER=BlueMarble_ShadedRelief_Bathymetry&STYLE=&TILEMATRIXSET=EPSG4326_500m&TILEMATRIX=5&TILEROW=52&TILECOL=132&FORMAT=image%2Fjpeg
FAILED 57 137 https://map1a.vis.earthdata.nasa.gov/wmts-geo/wmts.cgi?SERVICE=WMTS&REQUEST=GetTile&VERSION=1.0.0&LAYER=BlueMarble_ShadedRelief_Bathymetry&STYLE=&TILEMATRIXSET=EPSG4326_500m&TILEMATRIX=5&TILEROW=57&TILECOL=137&FORMAT=image%2Fjpeg
FAILED 56 136 https://map1a.vis.earthdata.nasa.gov/wmts-geo/wmts.cgi?SERVICE=WMTS&REQUEST=GetTile&VERSION=1.0.0&LAYER=BlueMarble_ShadedRelief_Bathymetry&STYLE=&TILEMATRIXSET=EPSG4326_500m&TILEMATRIX=5&TILEROW=56&TILECOL=136&FORMAT=image%2Fjpeg
FAILED 58 138 https://map1a.vis.earthdata.nasa.gov/wmts-geo/wmts.cgi?SERVICE=WMTS&REQUEST=GetTile&VERSION=1.0.0&LAYER=BlueMarble_ShadedRelief_Bathymetry&STYLE=&TILEMATRIXSET=EPSG4326_500m&TILEMATRIX=5&TILEROW=58&TILECOL=138&FORMAT=image%2Fjpeg
FAILED 62 142 https://map1a.vis.earthdata.nasa.gov/wmts-geo/wmts.cgi?SERVICE=WMTS&REQUEST=GetTile&VERSION=1.0.0&LAYER=BlueMarble_ShadedRelief_Bathymetry&STYLE=&TILEMATRIXSET=EPSG4326_500m&TILEMATRIX=5&TILEROW=62&TILECOL=142&FORMAT=image%2Fjpeg
FAILED 60 140 https://map1a.vis.earthdata.nasa.gov/wmts-geo/wmts.cgi?SERVICE=WMTS&REQUEST=GetTile&VERSION=1.0.0&LAYER=BlueMarble_ShadedRelief_Bathymetry&STYLE=&TILEMATRIXSET=EPSG4326_500m&TILEMATRIX=5&TILEROW=60&TILECOL=140&FORMAT=image%2Fjpeg
FAILED 59 139 https://map1a.vis.earthdata.nasa.gov/wmts-geo/wmts.cgi?SERVICE=WMTS&REQUEST=GetTile&VERSION=1.0.0&LAYER=BlueMarble_ShadedRelief_Bathymetry&STYLE=&TILEMATRIXSET=EPSG4326_500m&TILEMATRIX=5&TILEROW=59&TILECOL=139&FORMAT=image%2Fjpeg
FAILED 61 141 https://map1a.vis.earthdata.nasa.gov/wmts-geo/wmts.cgi?SERVICE=WMTS&REQUEST=GetTile&VERSION=1.0.0&LAYER=BlueMarble_ShadedRelief_Bathymetry&STYLE=&TILEMATRIXSET=EPSG4326_500m&TILEMATRIX=5&TILEROW=61&TILECOL=141&FORMAT=image%2Fjpeg
FAILED 65 145 https://map1a.vis.earthdata.nasa.gov/wmts-geo/wmts.cgi?SERVICE=WMTS&REQUEST=GetTile&VERSION=1.0.0&LAYER=BlueMarble_ShadedRelief_Bathymetry&STYLE=&TILEMATRIXSET=EPSG4326_500m&TILEMATRIX=5&TILEROW=65&TILECOL=145&FORMAT=image%2Fjpeg
FAILED 64 144 https://map1a.vis.earthdata.nasa.gov/wmts-geo/wmts.cgi?SERVICE=WMTS&REQUEST=GetTile&VERSION=1.0.0&LAYER=BlueMarble_ShadedRelief_Bathymetry&STYLE=&TILEMATRIXSET=EPSG4326_500m&TILEMATRIX=5&TILEROW=64&TILECOL=144&FORMAT=image%2Fjpeg
FAILED 63 143 https://map1a.vis.earthdata.nasa.gov/wmts-geo/wmts.cgi?SERVICE=WMTS&REQUEST=GetTile&VERSION=1.0.0&LAYER=BlueMarble_ShadedRelief_Bathymetry&STYLE=&TILEMATRIXSET=EPSG4326_500m&TILEMATRIX=5&TILEROW=63&TILECOL=143&FORMAT=image%2Fjpeg
FAILED 68 148 https://map1a.vis.earthdata.nasa.gov/wmts-geo/wmts.cgi?SERVICE=WMTS&REQUEST=GetTile&VERSION=1.0.0&LAYER=BlueMarble_ShadedRelief_Bathymetry&STYLE=&TILEMATRIXSET=EPSG4326_500m&TILEMATRIX=5&TILEROW=68&TILECOL=148&FORMAT=image%2Fjpeg
FAILED 66 146 https://map1a.vis.earthdata.nasa.gov/wmts-geo/wmts.cgi?SERVICE=WMTS&REQUEST=GetTile&VERSION=1.0.0&LAYER=BlueMarble_ShadedRelief_Bathymetry&STYLE=&TILEMATRIXSET=EPSG4326_500m&TILEMATRIX=5&TILEROW=66&TILECOL=146&FORMAT=image%2Fjpeg
FAILED 67 147 https://map1a.vis.earthdata.nasa.gov/wmts-geo/wmts.cgi?SERVICE=WMTS&REQUEST=GetTile&VERSION=1.0.0&LAYER=BlueMarble_ShadedRelief_Bathymetry&STYLE=&TILEMATRIXSET=EPSG4326_500m&TILEMATRIX=5&TILEROW=67&TILECOL=147&FORMAT=image%2Fjpeg
FAILED 70 150 https://map1a.vis.earthdata.nasa.gov/wmts-geo/wmts.cgi?SERVICE=WMTS&REQUEST=GetTile&VERSION=1.0.0&LAYER=BlueMarble_ShadedRelief_Bathymetry&STYLE=&TILEMATRIXSET=EPSG4326_500m&TILEMATRIX=5&TILEROW=70&TILECOL=150&FORMAT=image%2Fjpeg
FAILED 69 149 https://map1a.vis.earthdata.nasa.gov/wmts-geo/wmts.cgi?SERVICE=WMTS&REQUEST=GetTile&VERSION=1.0.0&LAYER=BlueMarble_ShadedRelief_Bathymetry&STYLE=&TILEMATRIXSET=EPSG4326_500m&TILEMATRIX=5&TILEROW=69&TILECOL=149&FORMAT=image%2Fjpeg
FAILED 76 156 https://map1a.vis.earthdata.nasa.gov/wmts-geo/wmts.cgi?SERVICE=WMTS&REQUEST=GetTile&VERSION=1.0.0&LAYER=BlueMarble_ShadedRelief_Bathymetry&STYLE=&TILEMATRIXSET=EPSG4326_500m&TILEMATRIX=5&TILEROW=76&TILECOL=156&FORMAT=image%2Fjpeg
FAILED 74 154 https://map1a.vis.earthdata.nasa.gov/wmts-geo/wmts.cgi?SERVICE=WMTS&REQUEST=GetTile&VERSION=1.0.0&LAYER=BlueMarble_ShadedRelief_Bathymetry&STYLE=&TILEMATRIXSET=EPSG4326_500m&TILEMATRIX=5&TILEROW=74&TILECOL=154&FORMAT=image%2Fjpeg
FAILED 71 151 https://map1a.vis.earthdata.nasa.gov/wmts-geo/wmts.cgi?SERVICE=WMTS&REQUEST=GetTile&VERSION=1.0.0&LAYER=BlueMarble_ShadedRelief_Bathymetry&STYLE=&TILEMATRIXSET=EPSG4326_500m&TILEMATRIX=5&TILEROW=71&TILECOL=151&FORMAT=image%2Fjpeg
FAILED 78 158 https://map1a.vis.earthdata.nasa.gov/wmts-geo/wmts.cgi?SERVICE=WMTS&REQUEST=GetTile&VERSION=1.0.0&LAYER=BlueMarble_ShadedRelief_Bathymetry&STYLE=&TILEMATRIXSET=EPSG4326_500m&TILEMATRIX=5&TILEROW=78&TILECOL=158&FORMAT=image%2Fjpeg
FAILED 72 152 https://map1a.vis.earthdata.nasa.gov/wmts-geo/wmts.cgi?SERVICE=WMTS&REQUEST=GetTile&VERSION=1.0.0&LAYER=BlueMarble_ShadedRelief_Bathymetry&STYLE=&TILEMATRIXSET=EPSG4326_500m&TILEMATRIX=5&TILEROW=72&TILECOL=152&FORMAT=image%2Fjpeg
FAILED 77 157 https://map1a.vis.earthdata.nasa.gov/wmts-geo/wmts.cgi?SERVICE=WMTS&REQUEST=GetTile&VERSION=1.0.0&LAYER=BlueMarble_ShadedRelief_Bathymetry&STYLE=&TILEMATRIXSET=EPSG4326_500m&TILEMATRIX=5&TILEROW=77&TILECOL=157&FORMAT=image%2Fjpeg
FAILED 73 153 https://map1a.vis.earthdata.nasa.gov/wmts-geo/wmts.cgi?SERVICE=WMTS&REQUEST=GetTile&VERSION=1.0.0&LAYER=BlueMarble_ShadedRelief_Bathymetry&STYLE=&TILEMATRIXSET=EPSG4326_500m&TILEMATRIX=5&TILEROW=73&TILECOL=153&FORMAT=image%2Fjpeg
FAILED 79 159 https://map1a.vis.earthdata.nasa.gov/wmts-geo/wmts.cgi?SERVICE=WMTS&REQUEST=GetTile&VERSION=1.0.0&LAYER=BlueMarble_ShadedRelief_Bathymetry&STYLE=&TILEMATRIXSET=EPSG4326_500m&TILEMATRIX=5&TILEROW=79&TILECOL=159&FORMAT=image%2Fjpeg
FAILED 75 155 https://map1a.vis.earthdata.nasa.gov/wmts-geo/wmts.cgi?SERVICE=WMTS&REQUEST=GetTile&VERSION=1.0.0&LAYER=BlueMarble_ShadedRelief_Bathymetry&STYLE=&TILEMATRIXSET=EPSG4326_500m&TILEMATRIX=5&TILEROW=75&TILECOL=155&FORMAT=image%2Fjpeg
