19:32:32 [START] Line 1: https://www.google.com
19:32:32 [OK]   Line 1: https://www.google.com
19:32:32 [START] Line 4: https://httpbin.org/status/200
19:32:32 [OK]   Line 4: https://httpbin.org/status/200
19:32:32 [START] Line 13: https://nonexistent-subdomain.google.com
19:32:32 [FAIL] Line 13: https://nonexistent-subdomain.google.com
19:32:32 [START] Line 10: https://www.reddit.com
19:32:32 [FAIL] Line 10: https://www.reddit.com
19:32:32 [START] Line 7: https://www.invalid-domain-that-does-not-exist-12345.com
19:32:32 [FAIL] Line 7: https://www.invalid-domain-that-does-not-exist-12345.com
19:32:32 [START] Line 16: https://www.apple.com
19:32:32 [OK]   Line 16: https://www.apple.com
19:32:32 [START] Line 34: https://www.twitch.tv
19:32:32 [FAIL] Line 34: https://www.twitch.tv
19:32:32 [START] Line 19: https://httpbin.org/timeout
19:32:32 [FAIL] Line 19: https://httpbin.org/timeout
19:32:32 [START] Line 15: https://httpbin.org/status/502
19:32:32 [FAIL] Line 15: https://httpbin.org/status/502
19:32:32 [START] Line 9: https://www.wikipedia.org
19:32:32 [OK]   Line 9: https://www.wikipedia.org
19:32:32 [START] Line 2: https://www.github.com
19:32:32 [OK]   Line 2: https://www.github.com
19:32:32 [START] Line 23: https://httpbin.org/status/503
19:32:32 [FAIL] Line 23: https://httpbin.org/status/503
19:32:32 [START] Line 12: https://www.microsoft.com
19:32:32 [FAIL] Line 12: https://www.microsoft.com
19:32:32 [START] Line 18: https://www.netflix.com
19:32:32 [FAIL] Line 18: https://www.netflix.com
19:32:32 [START] Line 39: https://httpbin.org/status/451
19:32:32 [FAIL] Line 39: https://httpbin.org/status/451
19:32:32 [START] Line 14: https://www.amazon.com
19:32:32 [FAIL] Line 14: https://www.amazon.com
19:32:32 [START] Line 31: https://httpbin.org/status/429
19:32:32 [FAIL] Line 31: https://httpbin.org/status/429
19:32:32 [START] Line 28: https://www.instagram.com
19:32:32 [OK]   Line 28: https://www.instagram.com
19:32:32 [START] Line 24: https://www.twitter.com
19:32:32 [FAIL] Line 24: https://www.twitter.com
19:32:32 [START] Line 3: https://www.stackoverflow.com
19:32:32 [OK]   Line 3: https://www.stackoverflow.com
19:32:32 [START] Line 36: https://www.discord.com
19:32:32 [OK]   Line 36: https://www.discord.com
19:32:32 [START] Line 26: https://www.linkedin.com
19:32:32 [OK]   Line 26: https://www.linkedin.com
19:32:32 [START] Line 20: https://www.spotify.com
19:32:32 [OK]   Line 20: https://www.spotify.com
19:32:32 [START] Line 21: https://wrong.host.badssl.com
19:32:32 [FAIL] Line 21: https://wrong.host.badssl.com
19:32:32 [START] Line 17: https://expired.badssl.com
19:32:32 [FAIL] Line 17: https://expired.badssl.com
19:32:32 [START] Line 35: https://httpbin.org/status/418
19:32:32 [FAIL] Line 35: https://httpbin.org/status/418
19:32:32 [START] Line 25: https://self-signed.badssl.com
19:32:32 [FAIL] Line 25: https://self-signed.badssl.com
19:32:32 [START] Line 29: https://untrusted-root.badssl.com
19:32:32 [FAIL] Line 29: https://untrusted-root.badssl.com
19:32:32 [START] Line 37: https://pinning-test.badssl.com
19:32:32 [OK]   Line 37: https://pinning-test.badssl.com
19:32:32 [START] Line 22: https://www.youtube.com
19:32:32 [OK]   Line 22: https://www.youtube.com
19:32:32 [START] Line 33: https://revoked.badssl.com
19:32:32 [OK]   Line 33: https://revoked.badssl.com
19:32:32 [START] Line 32: https://www.netflix.com
19:32:33 [FAIL] Line 32: https://www.netflix.com
19:32:32 [START] Line 38: https://www.slack.com
19:32:33 [OK]   Line 38: https://www.slack.com
19:32:32 [START] Line 40: https://www.dropbox.com
19:32:33 [OK]   Line 40: https://www.dropbox.com
19:32:32 [START] Line 11: https://httpbin.org/status/403
19:32:33 [FAIL] Line 11: https://httpbin.org/status/403
19:32:32 [START] Line 30: https://www.tiktok.com
19:32:33 [OK]   Line 30: https://www.tiktok.com
19:32:32 [START] Line 5: https://httpbin.org/status/404
19:32:33 [FAIL] Line 5: https://httpbin.org/status/404
19:32:32 [START] Line 6: https://httpbin.org/status/500
19:32:33 [FAIL] Line 6: https://httpbin.org/status/500
19:32:33 [START] Line 41: https://httpbin.org/status/999
19:32:33 [FAIL] Line 41: https://httpbin.org/status/999
19:32:32 [START] Line 8: https://httpbin.org/delay/10
19:32:43 [OK]   Line 8: https://httpbin.org/delay/10
19:32:32 [START] Line 27: https://httpbin.org/status/504
19:35:04 [FAIL] Line 27: https://httpbin.org/status/504
